<?xml version="1.0" encoding="UTF-8"?>
<testng-results skipped="0" failed="1" ignored="0" total="2" passed="1">
  <reporter-output>
  </reporter-output>
  <suite name="Default suite" duration-ms="7417" started-at="2021-02-16T20:57:00 EST" finished-at="2021-02-16T20:57:08 EST">
    <groups>
    </groups>
    <test name="Default test" duration-ms="7417" started-at="2021-02-16T20:57:00 EST" finished-at="2021-02-16T20:57:08 EST">
      <class name="screenshot.ScreenShot2Page">
        <test-method status="PASS" signature="setUp()[pri:0, instance:screenshot.ScreenShot2Page@7d70d1b1]" name="setUp" is-config="true" duration-ms="3255" started-at="2021-02-16T20:57:00 EST" finished-at="2021-02-16T20:57:04 EST">
          <reporter-output>
          </reporter-output>
        </test-method> <!-- setUp -->
        <test-method status="PASS" signature="isDisplay()[pri:0, instance:screenshot.ScreenShot2Page@7d70d1b1]" name="isDisplay" duration-ms="48" started-at="2021-02-16T20:57:04 EST" finished-at="2021-02-16T20:57:04 EST">
          <reporter-output>
          </reporter-output>
        </test-method> <!-- isDisplay -->
        <test-method status="PASS" signature="tearDown()[pri:0, instance:screenshot.ScreenShot2Page@7d70d1b1]" name="tearDown" is-config="true" duration-ms="591" started-at="2021-02-16T20:57:04 EST" finished-at="2021-02-16T20:57:04 EST">
          <reporter-output>
          </reporter-output>
        </test-method> <!-- tearDown -->
        <test-method status="PASS" signature="setUp()[pri:0, instance:screenshot.ScreenShot2Page@7d70d1b1]" name="setUp" is-config="true" duration-ms="2473" started-at="2021-02-16T20:57:04 EST" finished-at="2021-02-16T20:57:07 EST">
          <reporter-output>
          </reporter-output>
        </test-method> <!-- setUp -->
        <test-method status="FAIL" signature="takeScreenshotTest2()[pri:0, instance:screenshot.ScreenShot2Page@7d70d1b1]" name="takeScreenshotTest2" duration-ms="86" started-at="2021-02-16T20:57:07 EST" finished-at="2021-02-16T20:57:07 EST">
          <exception class="java.lang.IllegalMonitorStateException">
            <full-stacktrace>
              <![CDATA[java.lang.IllegalMonitorStateException
at java.lang.Object.wait(Native Method)
at screenshot.ScreenShot2Page.takeScreenshotTest2(ScreenShot2Page.java:40)
at sun.reflect.NativeMethodAccessorImpl.invoke0(Native Method)
at sun.reflect.NativeMethodAccessorImpl.invoke(Unknown Source)
at sun.reflect.DelegatingMethodAccessorImpl.invoke(Unknown Source)
at java.lang.reflect.Method.invoke(Unknown Source)
at org.testng.internal.MethodInvocationHelper.invokeMethod(MethodInvocationHelper.java:132)
at org.testng.internal.TestInvoker.invokeMethod(TestInvoker.java:599)
at org.testng.internal.TestInvoker.invokeTestMethod(TestInvoker.java:174)
at org.testng.internal.MethodRunner.runInSequence(MethodRunner.java:46)
at org.testng.internal.TestInvoker$MethodInvocationAgent.invoke(TestInvoker.java:822)
at org.testng.internal.TestInvoker.invokeTestMethods(TestInvoker.java:147)
at org.testng.internal.TestMethodWorker.invokeTestMethods(TestMethodWorker.java:146)
at org.testng.internal.TestMethodWorker.run(TestMethodWorker.java:128)
at java.util.ArrayList.forEach(Unknown Source)
at org.testng.TestRunner.privateRun(TestRunner.java:764)
at org.testng.TestRunner.run(TestRunner.java:585)
at org.testng.SuiteRunner.runTest(SuiteRunner.java:384)
at org.testng.SuiteRunner.runSequentially(SuiteRunner.java:378)
at org.testng.SuiteRunner.privateRun(SuiteRunner.java:337)
at org.testng.SuiteRunner.run(SuiteRunner.java:286)
at org.testng.SuiteRunnerWorker.runSuite(SuiteRunnerWorker.java:53)
at org.testng.SuiteRunnerWorker.run(SuiteRunnerWorker.java:96)
at org.testng.TestNG.runSuitesSequentially(TestNG.java:1218)
at org.testng.TestNG.runSuitesLocally(TestNG.java:1140)
at org.testng.TestNG.runSuites(TestNG.java:1069)
at org.testng.TestNG.run(TestNG.java:1037)
at org.testng.remote.AbstractRemoteTestNG.run(AbstractRemoteTestNG.java:115)
at org.testng.remote.RemoteTestNG.initAndRun(RemoteTestNG.java:251)
at org.testng.remote.RemoteTestNG.main(RemoteTestNG.java:77)
]]>
            </full-stacktrace>
          </exception> <!-- java.lang.IllegalMonitorStateException -->
          <reporter-output>
          </reporter-output>
        </test-method> <!-- takeScreenshotTest2 -->
        <test-method status="PASS" signature="tearDown()[pri:0, instance:screenshot.ScreenShot2Page@7d70d1b1]" name="tearDown" is-config="true" duration-ms="602" started-at="2021-02-16T20:57:07 EST" finished-at="2021-02-16T20:57:08 EST">
          <reporter-output>
          </reporter-output>
        </test-method> <!-- tearDown -->
      </class> <!-- screenshot.ScreenShot2Page -->
    </test> <!-- Default test -->
  </suite> <!-- Default suite -->
</testng-results>
